[2026-01-22 12:33:01] ✅ SUCESSO: Backup realizado com 7 arquivo(s) alterado(s)
[2026-01-22 12:33:01] ----------------------------------------
[2026-01-22 14:26:56] INFO: Nenhuma alteração detectada. Backup não necessário.
[2026-01-22 19:53:58] ✅ SUCESSO: Backup realizado com 2 arquivo(s) alterado(s)
[2026-01-22 19:53:58] ----------------------------------------
[2026-01-22 22:14:53] ✅ SUCESSO: Backup realizado com 2 arquivo(s) alterado(s)
[2026-01-22 22:14:53] ----------------------------------------
[2026-01-23 09:15:21] ✅ SUCESSO: Backup realizado com 2 arquivo(s) alterado(s)
[2026-01-23 09:15:21] ----------------------------------------
[2026-01-23 10:15:21] ✅ SUCESSO: Backup realizado com 2 arquivo(s) alterado(s)
[2026-01-23 10:15:21] ----------------------------------------
[2026-01-23 11:15:22] ✅ SUCESSO: Backup realizado com 2 arquivo(s) alterado(s)
[2026-01-23 11:15:22] ----------------------------------------
[2026-01-23 12:15:22] ✅ SUCESSO: Backup realizado com 2 arquivo(s) alterado(s)
[2026-01-23 12:15:22] ----------------------------------------
[2026-01-23 13:15:22] ✅ SUCESSO: Backup realizado com 2 arquivo(s) alterado(s)
[2026-01-23 13:15:22] ----------------------------------------
[2026-01-23 14:15:22] ✅ SUCESSO: Backup realizado com 2 arquivo(s) alterado(s)
[2026-01-23 14:15:22] ----------------------------------------
[2026-01-23 15:15:23] ✅ SUCESSO: Backup realizado com 2 arquivo(s) alterado(s)
[2026-01-23 15:15:23] ----------------------------------------
[2026-01-23 16:15:23] ✅ SUCESSO: Backup realizado com 11 arquivo(s) alterado(s)
[2026-01-23 16:15:23] ----------------------------------------
[2026-01-23 17:15:23] ✅ SUCESSO: Backup realizado com 23 arquivo(s) alterado(s)
[2026-01-23 17:15:23] ----------------------------------------
[2026-01-23 18:15:23] ✅ SUCESSO: Backup realizado com 3 arquivo(s) alterado(s)
[2026-01-23 18:15:23] ----------------------------------------
[2026-01-23 19:15:24] ✅ SUCESSO: Backup realizado com 2 arquivo(s) alterado(s)
[2026-01-23 19:15:24] ----------------------------------------
[2026-01-23 20:15:24] ✅ SUCESSO: Backup realizado com 2 arquivo(s) alterado(s)
[2026-01-23 20:15:24] ----------------------------------------
[2026-01-23 21:15:24] ✅ SUCESSO: Backup realizado com 2 arquivo(s) alterado(s)
[2026-01-23 21:15:24] ----------------------------------------
[2026-01-24 19:58:58] ✅ SUCESSO: Backup realizado com 2 arquivo(s) alterado(s)
[2026-01-24 19:58:58] ----------------------------------------
[2026-01-25 10:39:10] ✅ SUCESSO: Backup realizado com 2 arquivo(s) alterado(s)
[2026-01-25 10:39:10] ----------------------------------------
[2026-01-25 11:39:10] ✅ SUCESSO: Backup realizado com 3 arquivo(s) alterado(s)
[2026-01-25 11:39:10] ----------------------------------------
[2026-01-25 12:39:10] ✅ SUCESSO: Backup realizado com 1 arquivo(s) alterado(s)
[2026-01-25 12:39:10] INFO: Tentando push para origin...
[2026-01-25 12:39:12] ✅ SUCESSO: Push para origin realizado
[2026-01-25 12:39:12] ----------------------------------------
[2026-01-25 15:22:52] ✅ SUCESSO: Backup realizado com 4 arquivo(s) alterado(s)
[2026-01-25 15:22:52] INFO: Tentando push para origin...
[2026-01-25 15:22:54] ✅ SUCESSO: Push para origin realizado
[2026-01-25 15:22:54] ----------------------------------------
[2026-01-25 16:50:07] INFO: Nenhuma alteração detectada. Backup não necessário.
[2026-01-25 17:50:08] ✅ SUCESSO: Backup realizado com 16 arquivo(s) alterado(s)
[2026-01-25 17:50:08] INFO: Tentando push para origin...
[2026-01-25 17:50:09] ✅ SUCESSO: Push para origin realizado
[2026-01-25 17:50:09] ----------------------------------------
[2026-01-25 18:50:09] ✅ SUCESSO: Backup realizado com 2 arquivo(s) alterado(s)
[2026-01-25 18:50:09] INFO: Tentando push para origin...
[2026-01-25 18:50:10] ✅ SUCESSO: Push para origin realizado
[2026-01-25 18:50:10] ----------------------------------------
[2026-01-25 19:50:10] ✅ SUCESSO: Backup realizado com 2 arquivo(s) alterado(s)
[2026-01-25 19:50:10] INFO: Tentando push para origin...
[2026-01-25 19:50:11] ✅ SUCESSO: Push para origin realizado
[2026-01-25 19:50:11] ----------------------------------------
[2026-01-25 20:50:12] ✅ SUCESSO: Backup realizado com 2 arquivo(s) alterado(s)
[2026-01-25 20:50:12] INFO: Tentando push para origin...
[2026-01-25 20:50:13] ✅ SUCESSO: Push para origin realizado
[2026-01-25 20:50:13] ----------------------------------------
[2026-01-25 21:50:13] ✅ SUCESSO: Backup realizado com 2 arquivo(s) alterado(s)
[2026-01-25 21:50:13] INFO: Tentando push para origin...
[2026-01-25 21:50:14] ✅ SUCESSO: Push para origin realizado
[2026-01-25 21:50:14] ----------------------------------------
[2026-01-25 22:50:15] ✅ SUCESSO: Backup realizado com 2 arquivo(s) alterado(s)
[2026-01-25 22:50:15] INFO: Tentando push para origin...
[2026-01-25 22:50:16] ✅ SUCESSO: Push para origin realizado
[2026-01-25 22:50:16] ----------------------------------------
[2026-01-25 23:50:16] ✅ SUCESSO: Backup realizado com 2 arquivo(s) alterado(s)
[2026-01-25 23:50:16] INFO: Tentando push para origin...
[2026-01-25 23:50:17] ✅ SUCESSO: Push para origin realizado
[2026-01-25 23:50:17] ----------------------------------------
[2026-01-26 00:50:17] ✅ SUCESSO: Backup realizado com 2 arquivo(s) alterado(s)
[2026-01-26 00:50:17] INFO: Tentando push para origin...
[2026-01-26 00:50:18] ✅ SUCESSO: Push para origin realizado
[2026-01-26 00:50:18] ----------------------------------------
[2026-01-26 01:50:19] ✅ SUCESSO: Backup realizado com 2 arquivo(s) alterado(s)
[2026-01-26 01:50:19] INFO: Tentando push para origin...
[2026-01-26 01:50:20] ✅ SUCESSO: Push para origin realizado
[2026-01-26 01:50:20] ----------------------------------------
[2026-01-26 02:50:20] ✅ SUCESSO: Backup realizado com 2 arquivo(s) alterado(s)
[2026-01-26 02:50:20] INFO: Tentando push para origin...
[2026-01-26 02:50:21] ✅ SUCESSO: Push para origin realizado
[2026-01-26 02:50:21] ----------------------------------------
